<?xml version="1.0" encoding="UTF-8"?>
<!-- Generated by org.testng.reporters.JUnitReportReporter -->
<testsuite hostname="Ozges-MacBook-Pro.local" failures="0" tests="1" name="runner.TestRunner" time="23.475" errors="0" timestamp="2025-07-11T11:47:44 CEST" skipped="0">
  <testcase classname="runner.TestRunner" name="runScenario" time="23.475"/>
</testsuite> <!-- runner.TestRunner -->
