<?xml version="1.0" encoding="UTF-8"?>
<!-- Generated by org.testng.reporters.JUnitReportReporter -->
<testsuite hostname="Ozges-MacBook-Pro.local" failures="0" tests="1" name="runner.TestRunner" time="10.271" errors="0" timestamp="2025-07-29T17:28:18 CEST" skipped="0">
  <testcase classname="runner.TestRunner" name="runScenario" time="10.271"/>
</testsuite> <!-- runner.TestRunner -->
