<?xml version="1.0" encoding="UTF-8"?>
<!-- Generated by org.testng.reporters.JUnitReportReporter -->
<testsuite hostname="192.168.1.39" failures="0" tests="1" name="runner.TestRunner" time="11.051" errors="0" timestamp="2025-08-19T17:09:48 TRT" skipped="0">
  <testcase classname="runner.TestRunner" name="runScenario" time="11.051"/>
</testsuite> <!-- runner.TestRunner -->
