<?xml version="1.0" encoding="UTF-8"?>
<!-- Generated by org.testng.reporters.JUnitReportReporter -->
<testsuite hostname="192.168.1.42" failures="0" tests="1" name="runner.TestRunner" time="10.412" errors="0" timestamp="2025-08-16T22:39:35 TRT" skipped="0">
  <testcase classname="runner.TestRunner" name="runScenario" time="10.412"/>
</testsuite> <!-- runner.TestRunner -->
